<?xml version="1.0" encoding="UTF-8"?>
<!-- Generated by org.testng.reporters.JUnitReportReporter -->
<testsuite hostname="DESKTOP-2AP8SCM" failures="0" tests="3" name="jenkins.LoginTest" time="6.614" errors="0" timestamp="2024-12-16T15:51:32 IST" skipped="0">
  <testcase classname="jenkins.LoginTest" name="doLoginWithInvalidUserName" time="0.296"/>
  <testcase classname="jenkins.LoginTest" name="doLoginWithInvalidPassword" time="0.841"/>
  <testcase classname="jenkins.LoginTest" name="doLoginWithValid" time="5.477"/>
</testsuite> <!-- jenkins.LoginTest -->
